Using pre-set license
Built from '2020.3/staging' branch; Version is '2020.3.5f1 (8095aa901b9b) revision 8426922'; Using compiler version '192528614'; Build Type 'Release'
OS: 'Windows 10 Home Single Language; OS build 19042.928; Version 2009; 64bit' Language: 'en' Physical Memory: 12167 MB
BatchMode: 1, IsHumanControllingUs: 0, StartBugReporterOnCrash: 0, Is64bit: 1, IsPro: 0

 COMMAND LINE ARGUMENTS:
C:\Program Files\Unity\Hub\Editor\2020.3.5f1\Editor\Unity.exe
-adb2
-batchMode
-noUpm
-name
AssetImportWorker0
-projectPath
C:/Users/Fitransyah/Movement Learning
-logFile
Logs/AssetImportWorker0.log
-srvPort
50058
Successfully changed project path to: C:/Users/Fitransyah/Movement Learning
C:/Users/Fitransyah/Movement Learning
Using Asset Import Pipeline V2.
Refreshing native plugins compatible for Editor in 177.00 ms, found 0 plugins.
Preloading 0 native plugins for Editor in 0.00 ms.
Initialize engine version: 2020.3.5f1 (8095aa901b9b)
[Subsystems] Discovering subsystems at path C:/Program Files/Unity/Hub/Editor/2020.3.5f1/Editor/Data/Resources/UnitySubsystems
[Subsystems] Discovering subsystems at path C:/Users/Fitransyah/Movement Learning/Assets
GfxDevice: creating device client; threaded=0
Direct3D:
    Version:  Direct3D 11.0 [level 11.1]
    Renderer: AMD Radeon R7 M440 (ID=0x6900)
    Vendor:   
    VRAM:     2038 MB
    Driver:   27.20.1034.6
Initialize mono
Mono path[0] = 'C:/Program Files/Unity/Hub/Editor/2020.3.5f1/Editor/Data/Managed'
Mono path[1] = 'C:/Program Files/Unity/Hub/Editor/2020.3.5f1/Editor/Data/MonoBleedingEdge/lib/mono/unityjit'
Mono config path = 'C:/Program Files/Unity/Hub/Editor/2020.3.5f1/Editor/Data/MonoBleedingEdge/etc'
Using monoOptions --debugger-agent=transport=dt_socket,embedding=1,server=y,suspend=n,address=127.0.0.1:56804
Begin MonoManager ReloadAssembly
Registering precompiled unity dll's ...
Register platform support module: C:/Program Files/Unity/Hub/Editor/2020.3.5f1/Editor/Data/PlaybackEngines/WebGLSupport/UnityEditor.WebGL.Extensions.dll
Register platform support module: C:/Program Files/Unity/Hub/Editor/2020.3.5f1/Editor/Data/PlaybackEngines/WindowsStandaloneSupport/UnityEditor.WindowsStandalone.Extensions.dll
Registered in 0.011269 seconds.
Native extension for WindowsStandalone target not found
Native extension for WebGL target not found
Refreshing native plugins compatible for Editor in 209.86 ms, found 0 plugins.
Preloading 0 native plugins for Editor in 0.00 ms.
Mono: successfully reloaded assembly
- Completed reload, in  5.883 seconds
Platform modules already initialized, skipping
Registering precompiled user dll's ...
Registered in 0.009163 seconds.
Begin MonoManager ReloadAssembly
Native extension for WindowsStandalone target not found
Native extension for WebGL target not found
Refreshing native plugins compatible for Editor in 214.82 ms, found 0 plugins.
Preloading 0 native plugins for Editor in 0.00 ms.
Mono: successfully reloaded assembly
- Completed reload, in  3.370 seconds
Platform modules already initialized, skipping
========================================================================
Worker process is ready to serve import requests
Shader 'Universal Render Pipeline/Particles/Lit': fallback shader 'Universal Render Pipeline/Particles/SimpleLit' not found
Shader 'Universal Render Pipeline/Particles/Lit': fallback shader 'Universal Render Pipeline/Particles/SimpleLit' not found
Launched and connected shader compiler UnityShaderCompiler.exe after 0.12 seconds
Refreshing native plugins compatible for Editor in 0.71 ms, found 0 plugins.
Preloading 0 native plugins for Editor in 0.00 ms.
Unloading 2461 Unused Serialized files (Serialized files now loaded: 0)
System memory in use before: 114.8 MB.
System memory in use after: 112.1 MB.

Unloading 46 unused Assets to reduce memory usage. Loaded Objects now: 2866.
Total: 8.492100 ms (FindLiveObjects: 0.983000 ms CreateObjectMapping: 0.419900 ms MarkObjects: 3.795300 ms  DeleteObjects: 3.290600 ms)

========================================================================
Received Import Request.
  path: Assets/My Game/Script/SpawnManager.cs
  artifactKey: Guid(538225c2f48fd6146b3d7e21da1ed94a) Importer(815301076,1909f56bfc062723c751e8b465ee728b)
Start importing Assets/My Game/Script/SpawnManager.cs using Guid(538225c2f48fd6146b3d7e21da1ed94a) Importer(815301076,1909f56bfc062723c751e8b465ee728b)  -> (artifact id: '2cc4270c9a27c6ddd9eb5b1f92ca4bf8') in 0.121065 seconds
  Import took 0.132067 seconds .

========================================================================
Received Prepare
Registering precompiled user dll's ...
Registered in 0.005323 seconds.
Begin MonoManager ReloadAssembly
Native extension for WindowsStandalone target not found
Native extension for WebGL target not found
Refreshing native plugins compatible for Editor in 0.87 ms, found 0 plugins.
Preloading 0 native plugins for Editor in 0.00 ms.
Mono: successfully reloaded assembly
- Completed reload, in  2.733 seconds
Platform modules already initialized, skipping
Shader 'Universal Render Pipeline/Particles/Lit': fallback shader 'Universal Render Pipeline/Particles/SimpleLit' not found
Shader 'Universal Render Pipeline/Particles/Lit': fallback shader 'Universal Render Pipeline/Particles/SimpleLit' not found
Refreshing native plugins compatible for Editor in 1.21 ms, found 0 plugins.
Preloading 0 native plugins for Editor in 0.00 ms.
Unloading 2387 Unused Serialized files (Serialized files now loaded: 0)
System memory in use before: 111.4 MB.
System memory in use after: 108.6 MB.

Unloading 41 unused Assets to reduce memory usage. Loaded Objects now: 2869.
Total: 11.133000 ms (FindLiveObjects: 0.425600 ms CreateObjectMapping: 0.265000 ms MarkObjects: 5.792700 ms  DeleteObjects: 4.645700 ms)

========================================================================
Received Import Request.
  Time since last request: 170.542511 seconds.
  path: Assets/My Game/Prefabs/PowerUp/SpeedPowerup.prefab
  artifactKey: Guid(f9bdc43cee1c7834797715cef3115583) Importer(815301076,1909f56bfc062723c751e8b465ee728b)
Start importing Assets/My Game/Prefabs/PowerUp/SpeedPowerup.prefab using Guid(f9bdc43cee1c7834797715cef3115583) Importer(815301076,1909f56bfc062723c751e8b465ee728b)  -> (artifact id: 'b474ab2c9923dbd8edfdf82fcf5e41ab') in 0.799341 seconds
  Import took 0.815886 seconds .

========================================================================
Received Import Request.
  Time since last request: 8.918245 seconds.
  path: Assets/My Game/Prefabs/PowerUp/TripleShotPowerup.prefab
  artifactKey: Guid(5d30d8c2d132e5e429dc43d2e6f1ce44) Importer(815301076,1909f56bfc062723c751e8b465ee728b)
Start importing Assets/My Game/Prefabs/PowerUp/TripleShotPowerup.prefab using Guid(5d30d8c2d132e5e429dc43d2e6f1ce44) Importer(815301076,1909f56bfc062723c751e8b465ee728b)  -> (artifact id: 'a65e70e3464703add2770732dc7442dd') in 0.071405 seconds
  Import took 0.088074 seconds .

========================================================================
Received Import Request.
  Time since last request: 6.539686 seconds.
  path: Assets/My Game/Script/Asteroid.cs
  artifactKey: Guid(acade94481eed2c4c89039ec11882c7d) Importer(815301076,1909f56bfc062723c751e8b465ee728b)
Start importing Assets/My Game/Script/Asteroid.cs using Guid(acade94481eed2c4c89039ec11882c7d) Importer(815301076,1909f56bfc062723c751e8b465ee728b)  -> (artifact id: '5a03f7d26fa8246f99a6d0e8e3645a78') in 0.034525 seconds
  Import took 0.060332 seconds .

========================================================================
Received Prepare
Registering precompiled user dll's ...
Registered in 0.002473 seconds.
Begin MonoManager ReloadAssembly
Native extension for WindowsStandalone target not found
Native extension for WebGL target not found
Refreshing native plugins compatible for Editor in 1.47 ms, found 0 plugins.
Preloading 0 native plugins for Editor in 0.00 ms.
Mono: successfully reloaded assembly
- Completed reload, in  3.679 seconds
Platform modules already initialized, skipping
Shader 'Universal Render Pipeline/Particles/Lit': fallback shader 'Universal Render Pipeline/Particles/SimpleLit' not found
Shader 'Universal Render Pipeline/Particles/Lit': fallback shader 'Universal Render Pipeline/Particles/SimpleLit' not found
Refreshing native plugins compatible for Editor in 1.93 ms, found 0 plugins.
Preloading 0 native plugins for Editor in 0.00 ms.
Unloading 2387 Unused Serialized files (Serialized files now loaded: 0)
System memory in use before: 116.6 MB.
System memory in use after: 113.9 MB.

Unloading 41 unused Assets to reduce memory usage. Loaded Objects now: 2917.
Total: 13.898500 ms (FindLiveObjects: 0.942700 ms CreateObjectMapping: 0.553900 ms MarkObjects: 7.726100 ms  DeleteObjects: 4.671200 ms)

========================================================================
Received Prepare
Registering precompiled user dll's ...
Registered in 0.006231 seconds.
Begin MonoManager ReloadAssembly
Native extension for WindowsStandalone target not found
Native extension for WebGL target not found
Refreshing native plugins compatible for Editor in 0.90 ms, found 0 plugins.
Preloading 0 native plugins for Editor in 0.00 ms.
Mono: successfully reloaded assembly
- Completed reload, in  3.174 seconds
Platform modules already initialized, skipping
Shader 'Universal Render Pipeline/Particles/Lit': fallback shader 'Universal Render Pipeline/Particles/SimpleLit' not found
Shader 'Universal Render Pipeline/Particles/Lit': fallback shader 'Universal Render Pipeline/Particles/SimpleLit' not found
Refreshing native plugins compatible for Editor in 1.54 ms, found 0 plugins.
Preloading 0 native plugins for Editor in 0.00 ms.
Unloading 2387 Unused Serialized files (Serialized files now loaded: 0)
System memory in use before: 116.7 MB.
System memory in use after: 113.9 MB.

Unloading 41 unused Assets to reduce memory usage. Loaded Objects now: 2920.
Total: 15.982200 ms (FindLiveObjects: 0.360900 ms CreateObjectMapping: 0.193200 ms MarkObjects: 11.023900 ms  DeleteObjects: 4.401300 ms)

========================================================================
Received Prepare
Registering precompiled user dll's ...
Registered in 0.004881 seconds.
Begin MonoManager ReloadAssembly
Native extension for WindowsStandalone target not found
Native extension for WebGL target not found
Refreshing native plugins compatible for Editor in 0.87 ms, found 0 plugins.
Preloading 0 native plugins for Editor in 0.00 ms.
Mono: successfully reloaded assembly
- Completed reload, in  2.222 seconds
Platform modules already initialized, skipping
Shader 'Universal Render Pipeline/Particles/Lit': fallback shader 'Universal Render Pipeline/Particles/SimpleLit' not found
Shader 'Universal Render Pipeline/Particles/Lit': fallback shader 'Universal Render Pipeline/Particles/SimpleLit' not found
Refreshing native plugins compatible for Editor in 0.68 ms, found 0 plugins.
Preloading 0 native plugins for Editor in 0.00 ms.
Unloading 2387 Unused Serialized files (Serialized files now loaded: 0)
System memory in use before: 116.7 MB.
System memory in use after: 113.9 MB.

Unloading 41 unused Assets to reduce memory usage. Loaded Objects now: 2923.
Total: 6.688500 ms (FindLiveObjects: 0.432000 ms CreateObjectMapping: 0.243800 ms MarkObjects: 3.324800 ms  DeleteObjects: 2.685100 ms)

========================================================================
Received Import Request.
  Time since last request: 550.892433 seconds.
  path: Assets/Animation/Tripleshot_Powerup_anim.anim
  artifactKey: Guid(cfd07fed0e56255468587c656e4ee34d) Importer(815301076,1909f56bfc062723c751e8b465ee728b)
Start importing Assets/Animation/Tripleshot_Powerup_anim.anim using Guid(cfd07fed0e56255468587c656e4ee34d) Importer(815301076,1909f56bfc062723c751e8b465ee728b)  -> (artifact id: '7864dc53e67f5c7352afe7825699da41') in 0.062097 seconds
  Import took 0.072645 seconds .

========================================================================
Received Import Request.
  Time since last request: 4.049702 seconds.
  path: Assets/Animation/TripleShotPowerup.controller
  artifactKey: Guid(f16fdc4e15a8987469ac636999b2a7ff) Importer(815301076,1909f56bfc062723c751e8b465ee728b)
Start importing Assets/Animation/TripleShotPowerup.controller using Guid(f16fdc4e15a8987469ac636999b2a7ff) Importer(815301076,1909f56bfc062723c751e8b465ee728b)  -> (artifact id: '0954380286db027dd3b87f6b297fb199') in 0.014417 seconds
  Import took 0.022663 seconds .

========================================================================
Received Import Request.
  Time since last request: 0.001282 seconds.
  path: Assets/Animation/TripleShotPowerup.controller
  artifactKey: Guid(f16fdc4e15a8987469ac636999b2a7ff) Importer(815301076,1909f56bfc062723c751e8b465ee728b)
Start importing Assets/Animation/TripleShotPowerup.controller using Guid(f16fdc4e15a8987469ac636999b2a7ff) Importer(815301076,1909f56bfc062723c751e8b465ee728b)  -> (artifact id: '0954380286db027dd3b87f6b297fb199') in 0.008406 seconds
  Import took 0.016393 seconds .

========================================================================
Received Import Request.
  Time since last request: 5.668454 seconds.
  path: Assets/My Game/Prefabs/PowerUp/SpeedPowerup.prefab
  artifactKey: Guid(f9bdc43cee1c7834797715cef3115583) Importer(815301076,1909f56bfc062723c751e8b465ee728b)
Start importing Assets/My Game/Prefabs/PowerUp/SpeedPowerup.prefab using Guid(f9bdc43cee1c7834797715cef3115583) Importer(815301076,1909f56bfc062723c751e8b465ee728b)  -> (artifact id: '29708ee97e496a913e4e9285941cb59e') in 0.514071 seconds
  Import took 0.526715 seconds .

========================================================================
Received Prepare
Registering precompiled user dll's ...
Registered in 0.004396 seconds.
Begin MonoManager ReloadAssembly
Native extension for WindowsStandalone target not found
Native extension for WebGL target not found
Refreshing native plugins compatible for Editor in 1.09 ms, found 0 plugins.
Preloading 0 native plugins for Editor in 0.00 ms.
Mono: successfully reloaded assembly
- Completed reload, in  3.627 seconds
Platform modules already initialized, skipping
Shader 'Universal Render Pipeline/Particles/Lit': fallback shader 'Universal Render Pipeline/Particles/SimpleLit' not found
Shader 'Universal Render Pipeline/Particles/Lit': fallback shader 'Universal Render Pipeline/Particles/SimpleLit' not found
Refreshing native plugins compatible for Editor in 0.48 ms, found 0 plugins.
Preloading 0 native plugins for Editor in 0.00 ms.
Unloading 2387 Unused Serialized files (Serialized files now loaded: 0)
System memory in use before: 116.7 MB.
System memory in use after: 113.9 MB.

Unloading 41 unused Assets to reduce memory usage. Loaded Objects now: 2962.
Total: 5.758800 ms (FindLiveObjects: 0.347700 ms CreateObjectMapping: 0.141100 ms MarkObjects: 2.754100 ms  DeleteObjects: 2.514300 ms)

========================================================================
Received Import Request.
  Time since last request: 10.337005 seconds.
  path: Assets/My Game/Prefabs/PowerUp/SpeedPowerup.prefab
  artifactKey: Guid(f9bdc43cee1c7834797715cef3115583) Importer(815301076,1909f56bfc062723c751e8b465ee728b)
Start importing Assets/My Game/Prefabs/PowerUp/SpeedPowerup.prefab using Guid(f9bdc43cee1c7834797715cef3115583) Importer(815301076,1909f56bfc062723c751e8b465ee728b) The Animator Controller (SpeedPowerup) you have used is not valid. Animations will not play
UnityEngine.StackTraceUtility:ExtractStackTrace ()
UnityEditor.EditorUtility:Internal_InstantiateRemoveAllNonAnimationComponentsSingle (UnityEngine.Object,UnityEngine.Vector3,UnityEngine.Quaternion)
UnityEditor.EditorUtility:InstantiateRemoveAllNonAnimationComponents (UnityEngine.Object,UnityEngine.Vector3,UnityEngine.Quaternion)
UnityEditor.EditorUtility:InstantiateForAnimatorPreview (UnityEngine.Object)
UnityEditor.GameObjectInspector/PreviewData:UpdateGameObject (UnityEngine.Object)
UnityEditor.GameObjectInspector/PreviewData:.ctor (UnityEngine.Object)
UnityEditor.GameObjectInspector:GetPreviewData ()
UnityEditor.GameObjectInspector:RenderStaticPreview (string,UnityEngine.Object[],int,int)
UnityEditor.AssetPreviewUpdater:CreatePreviewForAsset (UnityEngine.Object,UnityEngine.Object[],string)

[C:\buildslave\unity\build\Modules/Animation/Director/AnimatorControllerPlayable.cpp line 333]

The Animator Controller (SpeedPowerup) you have used is not valid. Animations will not play
UnityEngine.StackTraceUtility:ExtractStackTrace ()
UnityEditor.EditorUtility:InitInstantiatedPreviewRecursive (UnityEngine.GameObject)
UnityEditor.EditorUtility:InstantiateForAnimatorPreview (UnityEngine.Object)
UnityEditor.GameObjectInspector/PreviewData:UpdateGameObject (UnityEngine.Object)
UnityEditor.GameObjectInspector/PreviewData:.ctor (UnityEngine.Object)
UnityEditor.GameObjectInspector:GetPreviewData ()
UnityEditor.GameObjectInspector:RenderStaticPreview (string,UnityEngine.Object[],int,int)
UnityEditor.AssetPreviewUpdater:CreatePreviewForAsset (UnityEngine.Object,UnityEngine.Object[],string)

[C:\buildslave\unity\build\Modules/Animation/Director/AnimatorControllerPlayable.cpp line 333]

 -> (artifact id: '83298d21eac63e5cadf4e67c16fea2f8') in 0.206213 seconds
  Import took 0.211181 seconds .

========================================================================
Received Import Request.
  Time since last request: 1.858870 seconds.
  path: Assets/My Game/Prefabs/PowerUp/SpeedPowerup.prefab
  artifactKey: Guid(f9bdc43cee1c7834797715cef3115583) Importer(815301076,1909f56bfc062723c751e8b465ee728b)
Start importing Assets/My Game/Prefabs/PowerUp/SpeedPowerup.prefab using Guid(f9bdc43cee1c7834797715cef3115583) Importer(815301076,1909f56bfc062723c751e8b465ee728b) The Animator Controller (SpeedPowerup) you have used is not valid. Animations will not play
UnityEngine.StackTraceUtility:ExtractStackTrace ()
UnityEditor.EditorUtility:Internal_InstantiateRemoveAllNonAnimationComponentsSingle (UnityEngine.Object,UnityEngine.Vector3,UnityEngine.Quaternion)
UnityEditor.EditorUtility:InstantiateRemoveAllNonAnimationComponents (UnityEngine.Object,UnityEngine.Vector3,UnityEngine.Quaternion)
UnityEditor.EditorUtility:InstantiateForAnimatorPreview (UnityEngine.Object)
UnityEditor.GameObjectInspector/PreviewData:UpdateGameObject (UnityEngine.Object)
UnityEditor.GameObjectInspector/PreviewData:.ctor (UnityEngine.Object)
UnityEditor.GameObjectInspector:GetPreviewData ()
UnityEditor.GameObjectInspector:RenderStaticPreview (string,UnityEngine.Object[],int,int)
UnityEditor.AssetPreviewUpdater:CreatePreviewForAsset (UnityEngine.Object,UnityEngine.Object[],string)

[C:\buildslave\unity\build\Modules/Animation/Director/AnimatorControllerPlayable.cpp line 333]

The Animator Controller (SpeedPowerup) you have used is not valid. Animations will not play
UnityEngine.StackTraceUtility:ExtractStackTrace ()
UnityEditor.EditorUtility:InitInstantiatedPreviewRecursive (UnityEngine.GameObject)
UnityEditor.EditorUtility:InstantiateForAnimatorPreview (UnityEngine.Object)
UnityEditor.GameObjectInspector/PreviewData:UpdateGameObject (UnityEngine.Object)
UnityEditor.GameObjectInspector/PreviewData:.ctor (UnityEngine.Object)
UnityEditor.GameObjectInspector:GetPreviewData ()
UnityEditor.GameObjectInspector:RenderStaticPreview (string,UnityEngine.Object[],int,int)
UnityEditor.AssetPreviewUpdater:CreatePreviewForAsset (UnityEngine.Object,UnityEngine.Object[],string)

[C:\buildslave\unity\build\Modules/Animation/Director/AnimatorControllerPlayable.cpp line 333]

 -> (artifact id: '83298d21eac63e5cadf4e67c16fea2f8') in 0.017635 seconds
  Import took 0.023116 seconds .

========================================================================
Received Prepare
Registering precompiled user dll's ...
Registered in 0.006181 seconds.
Begin MonoManager ReloadAssembly
Native extension for WindowsStandalone target not found
Native extension for WebGL target not found
Refreshing native plugins compatible for Editor in 1.58 ms, found 0 plugins.
Preloading 0 native plugins for Editor in 0.00 ms.
Mono: successfully reloaded assembly
- Completed reload, in  3.847 seconds
Platform modules already initialized, skipping
Shader 'Universal Render Pipeline/Particles/Lit': fallback shader 'Universal Render Pipeline/Particles/SimpleLit' not found
Shader 'Universal Render Pipeline/Particles/Lit': fallback shader 'Universal Render Pipeline/Particles/SimpleLit' not found
Refreshing native plugins compatible for Editor in 0.89 ms, found 0 plugins.
Preloading 0 native plugins for Editor in 0.00 ms.
Unloading 2387 Unused Serialized files (Serialized files now loaded: 0)
System memory in use before: 117.1 MB.
System memory in use after: 114.3 MB.

Unloading 41 unused Assets to reduce memory usage. Loaded Objects now: 3001.
Total: 8.254800 ms (FindLiveObjects: 0.499800 ms CreateObjectMapping: 0.274200 ms MarkObjects: 4.093600 ms  DeleteObjects: 3.384100 ms)

========================================================================
Received Import Request.
  Time since last request: 42.302413 seconds.
  path: Assets/Animation/SpeedPowerup.controller
  artifactKey: Guid(eeb1f07345bebe4449bb931acf9d1665) Importer(815301076,1909f56bfc062723c751e8b465ee728b)
Start importing Assets/Animation/SpeedPowerup.controller using Guid(eeb1f07345bebe4449bb931acf9d1665) Importer(815301076,1909f56bfc062723c751e8b465ee728b)  -> (artifact id: 'f2b8ba0c5fe0db07515159ac3f9bd64e') in 0.040017 seconds
  Import took 0.051781 seconds .

========================================================================
Received Import Request.
  Time since last request: 16.131562 seconds.
  path: Assets/My Game/Prefabs/PowerUp/TripleShotPowerup.prefab
  artifactKey: Guid(5d30d8c2d132e5e429dc43d2e6f1ce44) Importer(815301076,1909f56bfc062723c751e8b465ee728b)
Start importing Assets/My Game/Prefabs/PowerUp/TripleShotPowerup.prefab using Guid(5d30d8c2d132e5e429dc43d2e6f1ce44) Importer(815301076,1909f56bfc062723c751e8b465ee728b) The Animator Controller (TripleShotPowerup) you have used is not valid. Animations will not play
UnityEngine.StackTraceUtility:ExtractStackTrace ()
UnityEditor.EditorUtility:Internal_InstantiateRemoveAllNonAnimationComponentsSingle (UnityEngine.Object,UnityEngine.Vector3,UnityEngine.Quaternion)
UnityEditor.EditorUtility:InstantiateRemoveAllNonAnimationComponents (UnityEngine.Object,UnityEngine.Vector3,UnityEngine.Quaternion)
UnityEditor.EditorUtility:InstantiateForAnimatorPreview (UnityEngine.Object)
UnityEditor.GameObjectInspector/PreviewData:UpdateGameObject (UnityEngine.Object)
UnityEditor.GameObjectInspector/PreviewData:.ctor (UnityEngine.Object)
UnityEditor.GameObjectInspector:GetPreviewData ()
UnityEditor.GameObjectInspector:RenderStaticPreview (string,UnityEngine.Object[],int,int)
UnityEditor.AssetPreviewUpdater:CreatePreviewForAsset (UnityEngine.Object,UnityEngine.Object[],string)

[C:\buildslave\unity\build\Modules/Animation/Director/AnimatorControllerPlayable.cpp line 333]

The Animator Controller (TripleShotPowerup) you have used is not valid. Animations will not play
UnityEngine.StackTraceUtility:ExtractStackTrace ()
UnityEditor.EditorUtility:InitInstantiatedPreviewRecursive (UnityEngine.GameObject)
UnityEditor.EditorUtility:InstantiateForAnimatorPreview (UnityEngine.Object)
UnityEditor.GameObjectInspector/PreviewData:UpdateGameObject (UnityEngine.Object)
UnityEditor.GameObjectInspector/PreviewData:.ctor (UnityEngine.Object)
UnityEditor.GameObjectInspector:GetPreviewData ()
UnityEditor.GameObjectInspector:RenderStaticPreview (string,UnityEngine.Object[],int,int)
UnityEditor.AssetPreviewUpdater:CreatePreviewForAsset (UnityEngine.Object,UnityEngine.Object[],string)

[C:\buildslave\unity\build\Modules/Animation/Director/AnimatorControllerPlayable.cpp line 333]

 -> (artifact id: '0bf353b4cfb8c76d2875d9e0d24186f1') in 0.539231 seconds
  Import took 0.556648 seconds .

========================================================================
Received Prepare
Registering precompiled user dll's ...
Registered in 0.003218 seconds.
Begin MonoManager ReloadAssembly
Native extension for WindowsStandalone target not found
Native extension for WebGL target not found
Refreshing native plugins compatible for Editor in 1.42 ms, found 0 plugins.
Preloading 0 native plugins for Editor in 0.00 ms.
Mono: successfully reloaded assembly
- Completed reload, in  3.615 seconds
Platform modules already initialized, skipping
Shader 'Universal Render Pipeline/Particles/Lit': fallback shader 'Universal Render Pipeline/Particles/SimpleLit' not found
Shader 'Universal Render Pipeline/Particles/Lit': fallback shader 'Universal Render Pipeline/Particles/SimpleLit' not found
Refreshing native plugins compatible for Editor in 0.97 ms, found 0 plugins.
Preloading 0 native plugins for Editor in 0.00 ms.
Unloading 2387 Unused Serialized files (Serialized files now loaded: 0)
System memory in use before: 117.3 MB.
System memory in use after: 114.5 MB.

Unloading 41 unused Assets to reduce memory usage. Loaded Objects now: 3040.
Total: 7.769500 ms (FindLiveObjects: 0.733200 ms CreateObjectMapping: 0.321700 ms MarkObjects: 3.866900 ms  DeleteObjects: 2.843900 ms)

========================================================================
Received Prepare
Registering precompiled user dll's ...
Registered in 0.002041 seconds.
Begin MonoManager ReloadAssembly
Native extension for WindowsStandalone target not found
Native extension for WebGL target not found
Refreshing native plugins compatible for Editor in 0.49 ms, found 0 plugins.
Preloading 0 native plugins for Editor in 0.00 ms.
Mono: successfully reloaded assembly
- Completed reload, in  3.210 seconds
Platform modules already initialized, skipping
Shader 'Universal Render Pipeline/Particles/Lit': fallback shader 'Universal Render Pipeline/Particles/SimpleLit' not found
Shader 'Universal Render Pipeline/Particles/Lit': fallback shader 'Universal Render Pipeline/Particles/SimpleLit' not found
Refreshing native plugins compatible for Editor in 0.50 ms, found 0 plugins.
Preloading 0 native plugins for Editor in 0.00 ms.
Unloading 2387 Unused Serialized files (Serialized files now loaded: 0)
System memory in use before: 117.2 MB.
System memory in use after: 114.5 MB.

Unloading 41 unused Assets to reduce memory usage. Loaded Objects now: 3043.
Total: 5.863900 ms (FindLiveObjects: 0.339100 ms CreateObjectMapping: 0.147200 ms MarkObjects: 3.024100 ms  DeleteObjects: 2.337700 ms)

========================================================================
Received Prepare
Registering precompiled user dll's ...
Registered in 0.005849 seconds.
Begin MonoManager ReloadAssembly
Native extension for WindowsStandalone target not found
Native extension for WebGL target not found
Refreshing native plugins compatible for Editor in 1.56 ms, found 0 plugins.
Preloading 0 native plugins for Editor in 0.00 ms.
Mono: successfully reloaded assembly
- Completed reload, in  3.056 seconds
Platform modules already initialized, skipping
Shader 'Universal Render Pipeline/Particles/Lit': fallback shader 'Universal Render Pipeline/Particles/SimpleLit' not found
Shader 'Universal Render Pipeline/Particles/Lit': fallback shader 'Universal Render Pipeline/Particles/SimpleLit' not found
Refreshing native plugins compatible for Editor in 1.54 ms, found 0 plugins.
Preloading 0 native plugins for Editor in 0.00 ms.
Unloading 2387 Unused Serialized files (Serialized files now loaded: 0)
System memory in use before: 117.2 MB.
System memory in use after: 114.5 MB.

Unloading 41 unused Assets to reduce memory usage. Loaded Objects now: 3046.
Total: 11.263000 ms (FindLiveObjects: 0.760400 ms CreateObjectMapping: 0.329200 ms MarkObjects: 5.661100 ms  DeleteObjects: 4.508500 ms)

========================================================================
Received Prepare
Registering precompiled user dll's ...
Registered in 0.002264 seconds.
Begin MonoManager ReloadAssembly
Native extension for WindowsStandalone target not found
Native extension for WebGL target not found
Refreshing native plugins compatible for Editor in 1.43 ms, found 0 plugins.
Preloading 0 native plugins for Editor in 0.00 ms.
Mono: successfully reloaded assembly
- Completed reload, in  3.673 seconds
Platform modules already initialized, skipping
Shader 'Universal Render Pipeline/Particles/Lit': fallback shader 'Universal Render Pipeline/Particles/SimpleLit' not found
Shader 'Universal Render Pipeline/Particles/Lit': fallback shader 'Universal Render Pipeline/Particles/SimpleLit' not found
Refreshing native plugins compatible for Editor in 0.83 ms, found 0 plugins.
Preloading 0 native plugins for Editor in 0.00 ms.
Unloading 2387 Unused Serialized files (Serialized files now loaded: 0)
System memory in use before: 117.1 MB.
System memory in use after: 114.4 MB.

Unloading 41 unused Assets to reduce memory usage. Loaded Objects now: 3049.
Total: 6.206100 ms (FindLiveObjects: 0.279000 ms CreateObjectMapping: 0.132300 ms MarkObjects: 3.223900 ms  DeleteObjects: 2.569400 ms)

========================================================================
Received Prepare
Registering precompiled user dll's ...
Registered in 0.002195 seconds.
Begin MonoManager ReloadAssembly
Native extension for WindowsStandalone target not found
Native extension for WebGL target not found
Refreshing native plugins compatible for Editor in 1.12 ms, found 0 plugins.
Preloading 0 native plugins for Editor in 0.00 ms.
Mono: successfully reloaded assembly
- Completed reload, in  3.218 seconds
Platform modules already initialized, skipping
Shader 'Universal Render Pipeline/Particles/Lit': fallback shader 'Universal Render Pipeline/Particles/SimpleLit' not found
Shader 'Universal Render Pipeline/Particles/Lit': fallback shader 'Universal Render Pipeline/Particles/SimpleLit' not found
Refreshing native plugins compatible for Editor in 1.43 ms, found 0 plugins.
Preloading 0 native plugins for Editor in 0.00 ms.
Unloading 2387 Unused Serialized files (Serialized files now loaded: 0)
System memory in use before: 117.3 MB.
System memory in use after: 114.5 MB.

Unloading 41 unused Assets to reduce memory usage. Loaded Objects now: 3052.
Total: 12.004500 ms (FindLiveObjects: 0.840000 ms CreateObjectMapping: 0.314600 ms MarkObjects: 5.902200 ms  DeleteObjects: 4.944300 ms)

========================================================================
Received Prepare
Registering precompiled user dll's ...
Registered in 0.004590 seconds.
Begin MonoManager ReloadAssembly
Native extension for WindowsStandalone target not found
Native extension for WebGL target not found
Refreshing native plugins compatible for Editor in 1.98 ms, found 0 plugins.
Preloading 0 native plugins for Editor in 0.00 ms.
Mono: successfully reloaded assembly
- Completed reload, in  3.443 seconds
Platform modules already initialized, skipping
Shader 'Universal Render Pipeline/Particles/Lit': fallback shader 'Universal Render Pipeline/Particles/SimpleLit' not found
Shader 'Universal Render Pipeline/Particles/Lit': fallback shader 'Universal Render Pipeline/Particles/SimpleLit' not found
Refreshing native plugins compatible for Editor in 1.44 ms, found 0 plugins.
Preloading 0 native plugins for Editor in 0.00 ms.
Unloading 2387 Unused Serialized files (Serialized files now loaded: 0)
System memory in use before: 117.3 MB.
System memory in use after: 114.5 MB.

Unloading 41 unused Assets to reduce memory usage. Loaded Objects now: 3055.
Total: 8.372200 ms (FindLiveObjects: 0.696000 ms CreateObjectMapping: 0.354200 ms MarkObjects: 4.450200 ms  DeleteObjects: 2.868300 ms)

========================================================================
Received Import Request.
  Time since last request: 999.659679 seconds.
  path: Assets/Animation
  artifactKey: Guid(1dca965847041bc4ea3a6b751054d525) Importer(815301076,1909f56bfc062723c751e8b465ee728b)
Start importing Assets/Animation using Guid(1dca965847041bc4ea3a6b751054d525) Importer(815301076,1909f56bfc062723c751e8b465ee728b)  -> (artifact id: 'ff2a23518084c9a54f4e26cb4b4bff19') in 0.030697 seconds
  Import took 0.043820 seconds .

========================================================================
Received Import Request.
  Time since last request: 15.740138 seconds.
  path: Assets/Animation/Speed_PowerUp_anim.anim
  artifactKey: Guid(9061cbbf46bbc284689649373a1c6767) Importer(815301076,1909f56bfc062723c751e8b465ee728b)
Start importing Assets/Animation/Speed_PowerUp_anim.anim using Guid(9061cbbf46bbc284689649373a1c6767) Importer(815301076,1909f56bfc062723c751e8b465ee728b)  -> (artifact id: 'dc728a456e7ca0a43c195961a30599d8') in 0.055422 seconds
  Import took 0.067417 seconds .

========================================================================
Received Import Request.
  Time since last request: 32.214182 seconds.
  path: Assets/Sprites/Power_Ups/Speed/Powerup1_0008_00015.psd
  artifactKey: Guid(28f12876b78240a4aa78e0948517b936) Importer(815301076,1909f56bfc062723c751e8b465ee728b)
Start importing Assets/Sprites/Power_Ups/Speed/Powerup1_0008_00015.psd using Guid(28f12876b78240a4aa78e0948517b936) Importer(815301076,1909f56bfc062723c751e8b465ee728b)  -> (artifact id: 'fd95daf3a0be84dcd3451624e0114533') in 0.116775 seconds
  Import took 0.124464 seconds .

========================================================================
Received Import Request.
  Time since last request: 108.240009 seconds.
  path: Assets/Sprites/Power_Ups/Speed/Powerup1_0008_00010.psd
  artifactKey: Guid(8533facd69878cc44b2123eefba2d698) Importer(815301076,1909f56bfc062723c751e8b465ee728b)
Start importing Assets/Sprites/Power_Ups/Speed/Powerup1_0008_00010.psd using Guid(8533facd69878cc44b2123eefba2d698) Importer(815301076,1909f56bfc062723c751e8b465ee728b)  -> (artifact id: '1873cc5d9466c9dcf16db067795bd118') in 0.083986 seconds
  Import took 0.099927 seconds .

========================================================================
Received Prepare
Registering precompiled user dll's ...
Registered in 0.002920 seconds.
Begin MonoManager ReloadAssembly
Native extension for WindowsStandalone target not found
Native extension for WebGL target not found
Refreshing native plugins compatible for Editor in 1.56 ms, found 0 plugins.
Preloading 0 native plugins for Editor in 0.00 ms.
Mono: successfully reloaded assembly
- Completed reload, in  2.394 seconds
Platform modules already initialized, skipping
Shader 'Universal Render Pipeline/Particles/Lit': fallback shader 'Universal Render Pipeline/Particles/SimpleLit' not found
Shader 'Universal Render Pipeline/Particles/Lit': fallback shader 'Universal Render Pipeline/Particles/SimpleLit' not found
Refreshing native plugins compatible for Editor in 0.92 ms, found 0 plugins.
Preloading 0 native plugins for Editor in 0.00 ms.
Unloading 2387 Unused Serialized files (Serialized files now loaded: 0)
System memory in use before: 117.3 MB.
System memory in use after: 114.5 MB.

Unloading 41 unused Assets to reduce memory usage. Loaded Objects now: 3061.
Total: 11.250200 ms (FindLiveObjects: 0.663000 ms CreateObjectMapping: 0.385600 ms MarkObjects: 5.611100 ms  DeleteObjects: 4.584900 ms)

========================================================================
Received Import Request.
  Time since last request: 228.346003 seconds.
  path: Assets/My Game/Prefabs/PowerUp/SpeedPowerup.prefab
  artifactKey: Guid(f9bdc43cee1c7834797715cef3115583) Importer(815301076,1909f56bfc062723c751e8b465ee728b)
Start importing Assets/My Game/Prefabs/PowerUp/SpeedPowerup.prefab using Guid(f9bdc43cee1c7834797715cef3115583) Importer(815301076,1909f56bfc062723c751e8b465ee728b) The Animator Controller (SpeedPowerup) you have used is not valid. Animations will not play
UnityEngine.StackTraceUtility:ExtractStackTrace ()
UnityEditor.EditorUtility:Internal_InstantiateRemoveAllNonAnimationComponentsSingle (UnityEngine.Object,UnityEngine.Vector3,UnityEngine.Quaternion)
UnityEditor.EditorUtility:InstantiateRemoveAllNonAnimationComponents (UnityEngine.Object,UnityEngine.Vector3,UnityEngine.Quaternion)
UnityEditor.EditorUtility:InstantiateForAnimatorPreview (UnityEngine.Object)
UnityEditor.GameObjectInspector/PreviewData:UpdateGameObject (UnityEngine.Object)
UnityEditor.GameObjectInspector/PreviewData:.ctor (UnityEngine.Object)
UnityEditor.GameObjectInspector:GetPreviewData ()
UnityEditor.GameObjectInspector:RenderStaticPreview (string,UnityEngine.Object[],int,int)
UnityEditor.AssetPreviewUpdater:CreatePreviewForAsset (UnityEngine.Object,UnityEngine.Object[],string)

[C:\buildslave\unity\build\Modules/Animation/Director/AnimatorControllerPlayable.cpp line 333]

The Animator Controller (SpeedPowerup) you have used is not valid. Animations will not play
UnityEngine.StackTraceUtility:ExtractStackTrace ()
UnityEditor.EditorUtility:InitInstantiatedPreviewRecursive (UnityEngine.GameObject)
UnityEditor.EditorUtility:InstantiateForAnimatorPreview (UnityEngine.Object)
UnityEditor.GameObjectInspector/PreviewData:UpdateGameObject (UnityEngine.Object)
UnityEditor.GameObjectInspector/PreviewData:.ctor (UnityEngine.Object)
UnityEditor.GameObjectInspector:GetPreviewData ()
UnityEditor.GameObjectInspector:RenderStaticPreview (string,UnityEngine.Object[],int,int)
UnityEditor.AssetPreviewUpdater:CreatePreviewForAsset (UnityEngine.Object,UnityEngine.Object[],string)

[C:\buildslave\unity\build\Modules/Animation/Director/AnimatorControllerPlayable.cpp line 333]

 -> (artifact id: 'd1c54c41ab5b18d3593d803f0d3a5ba8') in 0.413656 seconds
  Import took 0.426132 seconds .

========================================================================
Received Prepare
Registering precompiled user dll's ...
Registered in 0.005466 seconds.
Begin MonoManager ReloadAssembly
Native extension for WindowsStandalone target not found
Native extension for WebGL target not found
Refreshing native plugins compatible for Editor in 1.08 ms, found 0 plugins.
Preloading 0 native plugins for Editor in 0.00 ms.
Mono: successfully reloaded assembly
- Completed reload, in  3.183 seconds
Platform modules already initialized, skipping
Shader 'Universal Render Pipeline/Particles/Lit': fallback shader 'Universal Render Pipeline/Particles/SimpleLit' not found
Shader 'Universal Render Pipeline/Particles/Lit': fallback shader 'Universal Render Pipeline/Particles/SimpleLit' not found
Refreshing native plugins compatible for Editor in 0.87 ms, found 0 plugins.
Preloading 0 native plugins for Editor in 0.00 ms.
Unloading 2387 Unused Serialized files (Serialized files now loaded: 0)
System memory in use before: 117.5 MB.
System memory in use after: 114.6 MB.

Unloading 41 unused Assets to reduce memory usage. Loaded Objects now: 3100.
Total: 13.045600 ms (FindLiveObjects: 1.122300 ms CreateObjectMapping: 0.485500 ms MarkObjects: 5.917700 ms  DeleteObjects: 5.515300 ms)

AssetImportWorkerClient::OnTransportError - code=2 error=End of file
