Using pre-set license
Built from '2020.3/staging' branch; Version is '2020.3.11f1 (99c7afb366b3) revision 10078127'; Using compiler version '192528614'; Build Type 'Release'
OS: 'Windows 10 Home Single Language; OS build 19042.1052; Version 2009; 64bit' Language: 'en' Physical Memory: 12167 MB
BatchMode: 1, IsHumanControllingUs: 0, StartBugReporterOnCrash: 0, Is64bit: 1, IsPro: 0

 COMMAND LINE ARGUMENTS:
C:\Program Files\Unity\Hub\Editor\2020.3.11f1\Editor\Unity.exe
-adb2
-batchMode
-noUpm
-name
AssetImportWorker5
-projectPath
C:/Users/Fitransyah/Movement Learning
-logFile
Logs/AssetImportWorker5.log
-srvPort
49726
Successfully changed project path to: C:/Users/Fitransyah/Movement Learning
C:/Users/Fitransyah/Movement Learning
Using Asset Import Pipeline V2.
Refreshing native plugins compatible for Editor in 142.60 ms, found 2 plugins.
Preloading 0 native plugins for Editor in 0.00 ms.
Initialize engine version: 2020.3.11f1 (99c7afb366b3)
[Subsystems] Discovering subsystems at path C:/Program Files/Unity/Hub/Editor/2020.3.11f1/Editor/Data/Resources/UnitySubsystems
[Subsystems] Discovering subsystems at path C:/Users/Fitransyah/Movement Learning/Assets
GfxDevice: creating device client; threaded=0
Direct3D:
    Version:  Direct3D 11.0 [level 11.1]
    Renderer: AMD Radeon R7 M440 (ID=0x6900)
    Vendor:   
    VRAM:     2038 MB
    Driver:   27.20.1034.6
Shader 'Universal Render Pipeline/Particles/Lit': fallback shader 'Universal Render Pipeline/Particles/SimpleLit' not found
Initialize mono
Mono path[0] = 'C:/Program Files/Unity/Hub/Editor/2020.3.11f1/Editor/Data/Managed'
Mono path[1] = 'C:/Program Files/Unity/Hub/Editor/2020.3.11f1/Editor/Data/MonoBleedingEdge/lib/mono/unityjit'
Mono config path = 'C:/Program Files/Unity/Hub/Editor/2020.3.11f1/Editor/Data/MonoBleedingEdge/etc'
Using monoOptions --debugger-agent=transport=dt_socket,embedding=1,server=y,suspend=n,address=127.0.0.1:56612
Begin MonoManager ReloadAssembly
Registering precompiled unity dll's ...
Register platform support module: C:/Program Files/Unity/Hub/Editor/2020.3.11f1/Editor/Data/PlaybackEngines/WebGLSupport/UnityEditor.WebGL.Extensions.dll
Register platform support module: C:/Program Files/Unity/Hub/Editor/2020.3.11f1/Editor/Data/PlaybackEngines/WindowsStandaloneSupport/UnityEditor.WindowsStandalone.Extensions.dll
Registered in 0.003539 seconds.
Native extension for WindowsStandalone target not found
Native extension for WebGL target not found
Refreshing native plugins compatible for Editor in 112.40 ms, found 2 plugins.
Preloading 0 native plugins for Editor in 0.00 ms.
Mono: successfully reloaded assembly
- Completed reload, in  3.537 seconds
Platform modules already initialized, skipping
Registering precompiled user dll's ...
Registered in 0.023424 seconds.
Begin MonoManager ReloadAssembly
Native extension for WindowsStandalone target not found
Native extension for WebGL target not found
Refreshing native plugins compatible for Editor in 100.96 ms, found 2 plugins.
Preloading 0 native plugins for Editor in 0.00 ms.
GPGSUpgrader start
UnityEngine.StackTraceUtility:ExtractStackTrace ()
UnityEngine.DebugLogHandler:LogFormat (UnityEngine.LogType,UnityEngine.Object,string,object[])
UnityEngine.Logger:Log (UnityEngine.LogType,object)
UnityEngine.Debug:Log (object)
GooglePlayGames.Editor.GPGSUpgrader:.cctor () (at Assets/GooglePlayGames/Editor/GPGSUpgrader.cs:38)
System.Runtime.CompilerServices.RuntimeHelpers:RunClassConstructor (System.RuntimeTypeHandle)
UnityEditor.EditorAssemblies:ProcessInitializeOnLoadAttributes (System.Type[])

(Filename: Assets/GooglePlayGames/Editor/GPGSUpgrader.cs Line: 38)

GPGSUpgrader done
UnityEngine.StackTraceUtility:ExtractStackTrace ()
UnityEngine.DebugLogHandler:LogFormat (UnityEngine.LogType,UnityEngine.Object,string,object[])
UnityEngine.Logger:Log (UnityEngine.LogType,object)
UnityEngine.Debug:Log (object)
GooglePlayGames.Editor.GPGSUpgrader:.cctor () (at Assets/GooglePlayGames/Editor/GPGSUpgrader.cs:105)
System.Runtime.CompilerServices.RuntimeHelpers:RunClassConstructor (System.RuntimeTypeHandle)
UnityEditor.EditorAssemblies:ProcessInitializeOnLoadAttributes (System.Type[])

(Filename: Assets/GooglePlayGames/Editor/GPGSUpgrader.cs Line: 105)

Mono: successfully reloaded assembly
- Completed reload, in  2.001 seconds
Platform modules already initialized, skipping
========================================================================
Worker process is ready to serve import requests
Shader 'Universal Render Pipeline/Particles/Lit': fallback shader 'Universal Render Pipeline/Particles/SimpleLit' not found
Launched and connected shader compiler UnityShaderCompiler.exe after 0.14 seconds
Refreshing native plugins compatible for Editor in 1.51 ms, found 2 plugins.
Preloading 0 native plugins for Editor in 0.00 ms.
Unloading 3323 Unused Serialized files (Serialized files now loaded: 0)
System memory in use before: 146.9 MB.
System memory in use after: 147.1 MB.

Unloading 131 unused Assets to reduce memory usage. Loaded Objects now: 3704.
Total: 3.349600 ms (FindLiveObjects: 0.347300 ms CreateObjectMapping: 0.161200 ms MarkObjects: 2.731600 ms  DeleteObjects: 0.108400 ms)

========================================================================
Received Import Request.
  path: Assets/FacebookSDK/SDK/Resources/FacebookSettings.asset
  artifactKey: Guid(d04114fb62082bd4980764670d8cfc70) Importer(815301076,1909f56bfc062723c751e8b465ee728b)
Start importing Assets/FacebookSDK/SDK/Resources/FacebookSettings.asset using Guid(d04114fb62082bd4980764670d8cfc70) Importer(815301076,1909f56bfc062723c751e8b465ee728b)  -> (artifact id: '913517ff69706843588580974d92bdf1') in 0.149132 seconds
  Import took 0.163012 seconds .

========================================================================
Received Import Request.
  Time since last request: 719.151988 seconds.
  path: Assets/FacebookSDK/SDK/Resources/FacebookSettings.asset
  artifactKey: Guid(d04114fb62082bd4980764670d8cfc70) Importer(815301076,1909f56bfc062723c751e8b465ee728b)
Start importing Assets/FacebookSDK/SDK/Resources/FacebookSettings.asset using Guid(d04114fb62082bd4980764670d8cfc70) Importer(815301076,1909f56bfc062723c751e8b465ee728b)  -> (artifact id: '5dc002f309cbc7f1954d99ba1c5bc4cc') in 0.007558 seconds
  Import took 0.031919 seconds .

========================================================================
Received Import Request.
  Time since last request: 0.056218 seconds.
  path: Assets/FacebookSDK/SDK/Resources/FacebookSettings.asset
  artifactKey: Guid(d04114fb62082bd4980764670d8cfc70) Importer(815301076,1909f56bfc062723c751e8b465ee728b)
Start importing Assets/FacebookSDK/SDK/Resources/FacebookSettings.asset using Guid(d04114fb62082bd4980764670d8cfc70) Importer(815301076,1909f56bfc062723c751e8b465ee728b)  -> (artifact id: '5dc002f309cbc7f1954d99ba1c5bc4cc') in 0.004316 seconds
  Import took 0.014648 seconds .

========================================================================
Received Import Request.
  Time since last request: 122.552362 seconds.
  path: Assets/FacebookSDK/Examples/AccessTokenMenu.unity
  artifactKey: Guid(67cb5b2387b8e4ec9b2fa69ad9510e9b) Importer(815301076,1909f56bfc062723c751e8b465ee728b)
Start importing Assets/FacebookSDK/Examples/AccessTokenMenu.unity using Guid(67cb5b2387b8e4ec9b2fa69ad9510e9b) Importer(815301076,1909f56bfc062723c751e8b465ee728b)  -> (artifact id: '353232382214211833ba703f6f918bbf') in 0.014060 seconds
  Import took 0.055822 seconds .

========================================================================
Received Import Request.
  Time since last request: 0.004000 seconds.
  path: Assets/FacebookSDK/Examples/AppLinks.unity
  artifactKey: Guid(4ac12dfde6570493291366d0ab3eb20d) Importer(815301076,1909f56bfc062723c751e8b465ee728b)
Start importing Assets/FacebookSDK/Examples/AppLinks.unity using Guid(4ac12dfde6570493291366d0ab3eb20d) Importer(815301076,1909f56bfc062723c751e8b465ee728b)  -> (artifact id: 'a5d2d642107e05d67127251e041faa46') in 0.009819 seconds
  Import took 0.037730 seconds .

========================================================================
Received Import Request.
  Time since last request: 0.004041 seconds.
  path: Assets/FacebookSDK/Examples/Scripts/SubMenus/DialogShare.cs
  artifactKey: Guid(e93c4155902d3496399630ee494eab6b) Importer(815301076,1909f56bfc062723c751e8b465ee728b)
Start importing Assets/FacebookSDK/Examples/Scripts/SubMenus/DialogShare.cs using Guid(e93c4155902d3496399630ee494eab6b) Importer(815301076,1909f56bfc062723c751e8b465ee728b)  -> (artifact id: 'd5a64459aff77352058acc35db321cf0') in 0.015591 seconds
  Import took 0.026898 seconds .

========================================================================
Received Import Request.
  Time since last request: 0.003851 seconds.
  path: Assets/FacebookSDK/Plugins/Editor/Facebook.Unity.Editor.dll
  artifactKey: Guid(137a102f808364a0fb444bedefe2575d) Importer(815301076,1909f56bfc062723c751e8b465ee728b)
Start importing Assets/FacebookSDK/Plugins/Editor/Facebook.Unity.Editor.dll using Guid(137a102f808364a0fb444bedefe2575d) Importer(815301076,1909f56bfc062723c751e8b465ee728b)  -> (artifact id: 'dedf060edd23ce1b50ebb88a383be7a6') in 0.034959 seconds
  Import took 0.041905 seconds .

========================================================================
Received Import Request.
  Time since last request: 0.004219 seconds.
  path: Assets/FacebookSDK/Examples/Pay.unity
  artifactKey: Guid(3ee189cdb21ea4bdb9d7022a0780c44c) Importer(815301076,1909f56bfc062723c751e8b465ee728b)
Start importing Assets/FacebookSDK/Examples/Pay.unity using Guid(3ee189cdb21ea4bdb9d7022a0780c44c) Importer(815301076,1909f56bfc062723c751e8b465ee728b)  -> (artifact id: '697f33e4b70a1950fc3fd0dd1661a32e') in 0.008850 seconds
  Import took 0.028124 seconds .

========================================================================
Received Import Request.
  Time since last request: 0.003739 seconds.
  path: Assets/FacebookSDK/Examples/Scripts/LogView.cs
  artifactKey: Guid(910cbe16250cb4363b70464c39fc701a) Importer(815301076,1909f56bfc062723c751e8b465ee728b)
Start importing Assets/FacebookSDK/Examples/Scripts/LogView.cs using Guid(910cbe16250cb4363b70464c39fc701a) Importer(815301076,1909f56bfc062723c751e8b465ee728b)  -> (artifact id: 'e0f60a0c7ece9b8c84f5a64d0c69c5f3') in 0.008755 seconds
  Import took 0.036080 seconds .

========================================================================
Received Import Request.
  Time since last request: 0.003727 seconds.
  path: Assets/FacebookSDK/Examples/Scripts/ConsoleBase.cs
  artifactKey: Guid(e8659f5605d094c19a8b7ef9471c3603) Importer(815301076,1909f56bfc062723c751e8b465ee728b)
Start importing Assets/FacebookSDK/Examples/Scripts/ConsoleBase.cs using Guid(e8659f5605d094c19a8b7ef9471c3603) Importer(815301076,1909f56bfc062723c751e8b465ee728b)  -> (artifact id: '24cee7e2ef3a9adda065885a62bc0638') in 0.009350 seconds
  Import took 0.036619 seconds .

========================================================================
Received Import Request.
  Time since last request: 0.003769 seconds.
  path: Assets/FacebookSDK/Plugins/Settings/Facebook.Unity.Settings.dll
  artifactKey: Guid(c49f2b3ca212b47fc9cd8ce655177c89) Importer(815301076,1909f56bfc062723c751e8b465ee728b)
Start importing Assets/FacebookSDK/Plugins/Settings/Facebook.Unity.Settings.dll using Guid(c49f2b3ca212b47fc9cd8ce655177c89) Importer(815301076,1909f56bfc062723c751e8b465ee728b)  -> (artifact id: 'a59bec29ad416e9f7c3597b9a3f0f31f') in 0.010862 seconds
  Import took 0.018909 seconds .

========================================================================
Received Import Request.
  Time since last request: 0.003815 seconds.
  path: Assets/FacebookSDK/Plugins/Canvas/CanvasJSSDKBindings.jslib
  artifactKey: Guid(082cd93ddb11e4437b52ea3d121816d8) Importer(815301076,1909f56bfc062723c751e8b465ee728b)
Start importing Assets/FacebookSDK/Plugins/Canvas/CanvasJSSDKBindings.jslib using Guid(082cd93ddb11e4437b52ea3d121816d8) Importer(815301076,1909f56bfc062723c751e8b465ee728b)  -> (artifact id: 'ca2cc3b0828596109e0a3e33a3f020d0') in 0.013640 seconds
  Import took 0.052320 seconds .

========================================================================
Received Import Request.
  Time since last request: 0.003775 seconds.
  path: Assets/FacebookSDK/Examples/LogView.unity
  artifactKey: Guid(c07ff0bf6bea74c2eb681ac0cae44265) Importer(815301076,1909f56bfc062723c751e8b465ee728b)
Start importing Assets/FacebookSDK/Examples/LogView.unity using Guid(c07ff0bf6bea74c2eb681ac0cae44265) Importer(815301076,1909f56bfc062723c751e8b465ee728b)  -> (artifact id: '7787c53b504f9eff627b9b370618e3bd') in 0.012280 seconds
  Import took 0.031173 seconds .

========================================================================
Received Import Request.
  Time since last request: 0.004078 seconds.
  path: Assets/FacebookSDK/SDK/Editor/iOS/FBUnityUtility.h
  artifactKey: Guid(b4469d6625a664618b68231ee0dcc093) Importer(815301076,1909f56bfc062723c751e8b465ee728b)
Start importing Assets/FacebookSDK/SDK/Editor/iOS/FBUnityUtility.h using Guid(b4469d6625a664618b68231ee0dcc093) Importer(815301076,1909f56bfc062723c751e8b465ee728b)  -> (artifact id: 'd75559cf968320d542d5c8d3482f4b19') in 0.012450 seconds
  Import took 0.031855 seconds .

========================================================================
Received Import Request.
  Time since last request: 0.003740 seconds.
  path: Assets/FacebookSDK/Examples/DialogShare.unity
  artifactKey: Guid(190c345841ecc464e9a122f04369757e) Importer(815301076,1909f56bfc062723c751e8b465ee728b)
Start importing Assets/FacebookSDK/Examples/DialogShare.unity using Guid(190c345841ecc464e9a122f04369757e) Importer(815301076,1909f56bfc062723c751e8b465ee728b)  -> (artifact id: '05ab123f0433dedfc7d4e54169985723') in 0.010146 seconds
  Import took 0.033296 seconds .

========================================================================
Received Import Request.
  Time since last request: 0.003721 seconds.
  path: Assets/FacebookSDK/SDK/Editor/iOS/FBUnityInterface.mm
  artifactKey: Guid(4c29c5d59509848c4bc24c13ac976932) Importer(815301076,1909f56bfc062723c751e8b465ee728b)
Start importing Assets/FacebookSDK/SDK/Editor/iOS/FBUnityInterface.mm using Guid(4c29c5d59509848c4bc24c13ac976932) Importer(815301076,1909f56bfc062723c751e8b465ee728b)  -> (artifact id: 'd320c453c2386a58730b9079eef47049') in 0.012395 seconds
  Import took 0.018924 seconds .

========================================================================
Received Import Request.
  Time since last request: 0.004331 seconds.
  path: Assets/FacebookSDK/Plugins/Android/Facebook.Unity.Android.dll
  artifactKey: Guid(fb286cd0f33ce4f5e81baf10dab8d865) Importer(815301076,1909f56bfc062723c751e8b465ee728b)
Start importing Assets/FacebookSDK/Plugins/Android/Facebook.Unity.Android.dll using Guid(fb286cd0f33ce4f5e81baf10dab8d865) Importer(815301076,1909f56bfc062723c751e8b465ee728b)  -> (artifact id: 'ab1f9b68d39a261eed95da7b4a88769a') in 0.009908 seconds
  Import took 0.025932 seconds .

========================================================================
Received Import Request.
  Time since last request: 0.003847 seconds.
  path: Assets/FacebookSDK/Plugins/Gameroom/Facebook.Unity.Gameroom.dll
  artifactKey: Guid(99f23b07cdda04baea08736723cf3aad) Importer(815301076,1909f56bfc062723c751e8b465ee728b)
Start importing Assets/FacebookSDK/Plugins/Gameroom/Facebook.Unity.Gameroom.dll using Guid(99f23b07cdda04baea08736723cf3aad) Importer(815301076,1909f56bfc062723c751e8b465ee728b)  -> (artifact id: 'd3a1372609557549ad7764c2abf8b2b9') in 0.010578 seconds
  Import took 0.028195 seconds .

========================================================================
Received Import Request.
  Time since last request: 0.004102 seconds.
  path: Assets/FacebookSDK/Examples/MainMenu.unity
  artifactKey: Guid(7c38a8c9adc9d5c4b869612e4033ead8) Importer(815301076,1909f56bfc062723c751e8b465ee728b)
Start importing Assets/FacebookSDK/Examples/MainMenu.unity using Guid(7c38a8c9adc9d5c4b869612e4033ead8) Importer(815301076,1909f56bfc062723c751e8b465ee728b)  -> (artifact id: 'e9ec11c54edc3230fe61a24c474f687e') in 0.007857 seconds
  Import took 0.014773 seconds .

========================================================================
Received Import Request.
  Time since last request: 0.004479 seconds.
  path: Assets/FacebookSDK/Examples/AppEvents.unity
  artifactKey: Guid(68ab940fa15e34433bff18301686b080) Importer(815301076,1909f56bfc062723c751e8b465ee728b)
Start importing Assets/FacebookSDK/Examples/AppEvents.unity using Guid(68ab940fa15e34433bff18301686b080) Importer(815301076,1909f56bfc062723c751e8b465ee728b)  -> (artifact id: 'ee8ef937c84219d74bc666394d105bc8') in 0.008322 seconds
  Import took 0.016811 seconds .

========================================================================
Received Import Request.
  Time since last request: 0.003816 seconds.
  path: Assets/FacebookSDK/SDK/Editor/iOS/FBSDK+Internal.h
  artifactKey: Guid(66952bdb75cae4c348f3d0521da59bfd) Importer(815301076,1909f56bfc062723c751e8b465ee728b)
Start importing Assets/FacebookSDK/SDK/Editor/iOS/FBSDK+Internal.h using Guid(66952bdb75cae4c348f3d0521da59bfd) Importer(815301076,1909f56bfc062723c751e8b465ee728b)  -> (artifact id: '1e7b42e9f2be7fe024610745b30819a2') in 0.007989 seconds
  Import took 0.048294 seconds .

========================================================================
Received Import Request.
  Time since last request: 0.003775 seconds.
  path: Assets/FacebookSDK/Examples/Scripts/SubMenus/AccessTokenMenu.cs
  artifactKey: Guid(4cc408e158eec46b28b93a44fc8819ff) Importer(815301076,1909f56bfc062723c751e8b465ee728b)
Start importing Assets/FacebookSDK/Examples/Scripts/SubMenus/AccessTokenMenu.cs using Guid(4cc408e158eec46b28b93a44fc8819ff) Importer(815301076,1909f56bfc062723c751e8b465ee728b)  -> (artifact id: 'dd6b2f591de9b659a8ef1ed17144955c') in 0.008000 seconds
  Import took 0.014398 seconds .

========================================================================
Received Import Request.
  Time since last request: 0.003713 seconds.
  path: Assets/FacebookSDK/SDK/Editor/iOS/FBUnitySDKDelegate.h
  artifactKey: Guid(7461bcc2e2c714a03a3f60d68ec79369) Importer(815301076,1909f56bfc062723c751e8b465ee728b)
Start importing Assets/FacebookSDK/SDK/Editor/iOS/FBUnitySDKDelegate.h using Guid(7461bcc2e2c714a03a3f60d68ec79369) Importer(815301076,1909f56bfc062723c751e8b465ee728b)  -> (artifact id: '32bd230dfc7ac385b3be33722e6fa2c8') in 0.008518 seconds
  Import took 0.027917 seconds .

========================================================================
Received Import Request.
  Time since last request: 0.003733 seconds.
  path: Assets/FacebookSDK/Examples/Scripts/SubMenus/AppLinks.cs
  artifactKey: Guid(f9f0b7257fa054227be6e26bf1f6b339) Importer(815301076,1909f56bfc062723c751e8b465ee728b)
Start importing Assets/FacebookSDK/Examples/Scripts/SubMenus/AppLinks.cs using Guid(f9f0b7257fa054227be6e26bf1f6b339) Importer(815301076,1909f56bfc062723c751e8b465ee728b)  -> (artifact id: 'e273d6da93af248e3646fcf45d1c8601') in 0.008586 seconds
  Import took 0.034495 seconds .

========================================================================
Received Import Request.
  Time since last request: 0.004348 seconds.
  path: Assets/FacebookSDK/Examples/Scripts/SubMenus/GraphRequest.cs
  artifactKey: Guid(23c3cb06c2209474e9a8441e2712d5d2) Importer(815301076,1909f56bfc062723c751e8b465ee728b)
Start importing Assets/FacebookSDK/Examples/Scripts/SubMenus/GraphRequest.cs using Guid(23c3cb06c2209474e9a8441e2712d5d2) Importer(815301076,1909f56bfc062723c751e8b465ee728b)  -> (artifact id: '679eefa1da8873d40df930378d07fa75') in 0.008065 seconds
  Import took 0.030821 seconds .

========================================================================
Received Import Request.
  Time since last request: 0.003867 seconds.
  path: Assets/FacebookSDK/Examples/Textures/White.psd
  artifactKey: Guid(6f2bd1fb3a7ec4616b4311f171db577d) Importer(815301076,1909f56bfc062723c751e8b465ee728b)
Start importing Assets/FacebookSDK/Examples/Textures/White.psd using Guid(6f2bd1fb3a7ec4616b4311f171db577d) Importer(815301076,1909f56bfc062723c751e8b465ee728b)  -> (artifact id: 'a83dca6e9da7c2ca810c259fc85a0ce6') in 0.232992 seconds
  Import took 0.256037 seconds .

========================================================================
Received Import Request.
  Time since last request: 0.003991 seconds.
  path: Assets/FacebookSDK/Examples/Scripts/SubMenus/AppRequests.cs
  artifactKey: Guid(3b4c675f81a254b87adc8ad01006c580) Importer(815301076,1909f56bfc062723c751e8b465ee728b)
Start importing Assets/FacebookSDK/Examples/Scripts/SubMenus/AppRequests.cs using Guid(3b4c675f81a254b87adc8ad01006c580) Importer(815301076,1909f56bfc062723c751e8b465ee728b)  -> (artifact id: '54a099644f4dc7c38d450c48c3b410ee') in 0.007622 seconds
  Import took 0.015098 seconds .

========================================================================
Received Import Request.
  Time since last request: 0.003997 seconds.
  path: Assets/FacebookSDK/Plugins/iOS/Facebook.Unity.IOS.dll
  artifactKey: Guid(516664901472b44fe83b720b195b5b60) Importer(815301076,1909f56bfc062723c751e8b465ee728b)
Start importing Assets/FacebookSDK/Plugins/iOS/Facebook.Unity.IOS.dll using Guid(516664901472b44fe83b720b195b5b60) Importer(815301076,1909f56bfc062723c751e8b465ee728b)  -> (artifact id: '3ec6aca85cead2dd2d106b0459827b16') in 0.007503 seconds
  Import took 0.015338 seconds .

========================================================================
Received Import Request.
  Time since last request: 0.003450 seconds.
  path: Assets/FacebookSDK/SDK/Editor/iOS/fixup.projmods
  artifactKey: Guid(aead30834362b490ea67fdd7fd0351c5) Importer(815301076,1909f56bfc062723c751e8b465ee728b)
Start importing Assets/FacebookSDK/SDK/Editor/iOS/fixup.projmods using Guid(aead30834362b490ea67fdd7fd0351c5) Importer(815301076,1909f56bfc062723c751e8b465ee728b)  -> (artifact id: 'd5ed470044b55ca1da0de8ef928e12d8') in 0.010039 seconds
  Import took 0.017932 seconds .

========================================================================
Received Import Request.
  Time since last request: 0.003573 seconds.
  path: Assets/FacebookSDK/Examples/Scripts/MenuBase.cs
  artifactKey: Guid(8f28f9112a7d44d3c999fbd95333abbb) Importer(815301076,1909f56bfc062723c751e8b465ee728b)
Start importing Assets/FacebookSDK/Examples/Scripts/MenuBase.cs using Guid(8f28f9112a7d44d3c999fbd95333abbb) Importer(815301076,1909f56bfc062723c751e8b465ee728b)  -> (artifact id: 'df82c70f0d41fc3ba7102daa9b2ba8e5') in 0.007789 seconds
  Import took 0.020993 seconds .

========================================================================
Received Import Request.
  Time since last request: 0.003421 seconds.
  path: Assets/FacebookSDK/Examples/Scripts/SubMenus/AppEvents.cs
  artifactKey: Guid(e3c0dd81ff77c4c30834810815c69f6d) Importer(815301076,1909f56bfc062723c751e8b465ee728b)
Start importing Assets/FacebookSDK/Examples/Scripts/SubMenus/AppEvents.cs using Guid(e3c0dd81ff77c4c30834810815c69f6d) Importer(815301076,1909f56bfc062723c751e8b465ee728b)  -> (artifact id: 'c29466b3f16350d0fbcf149b28de3a7f') in 0.007581 seconds
  Import took 0.032789 seconds .

========================================================================
Received Import Request.
  Time since last request: 0.003888 seconds.
  path: Assets/FacebookSDK/link.xml
  artifactKey: Guid(51f4619c385224a23a3edb9092c7d49b) Importer(815301076,1909f56bfc062723c751e8b465ee728b)
Start importing Assets/FacebookSDK/link.xml using Guid(51f4619c385224a23a3edb9092c7d49b) Importer(815301076,1909f56bfc062723c751e8b465ee728b)  -> (artifact id: 'b351dbfaba65432a21a32e53b5cafd3b') in 0.038692 seconds
  Import took 0.062427 seconds .

========================================================================
Received Import Request.
  Time since last request: 0.003591 seconds.
  path: Assets/FacebookSDK/Plugins/Android/libs/facebook-android-wrapper-11.0.0.aar
  artifactKey: Guid(abcfdae5d23df40e9a7ec554ddc17a22) Importer(815301076,1909f56bfc062723c751e8b465ee728b)
Start importing Assets/FacebookSDK/Plugins/Android/libs/facebook-android-wrapper-11.0.0.aar using Guid(abcfdae5d23df40e9a7ec554ddc17a22) Importer(815301076,1909f56bfc062723c751e8b465ee728b)  -> (artifact id: 'a8c746853762a5e725086d653cdaf00e') in 0.009952 seconds
  Import took 0.016534 seconds .

========================================================================
Received Import Request.
  Time since last request: 0.003631 seconds.
  path: Assets/FacebookSDK/Examples/AppRequests.unity
  artifactKey: Guid(c2250c9c5cf00425384401321f8dffb4) Importer(815301076,1909f56bfc062723c751e8b465ee728b)
Start importing Assets/FacebookSDK/Examples/AppRequests.unity using Guid(c2250c9c5cf00425384401321f8dffb4) Importer(815301076,1909f56bfc062723c751e8b465ee728b)  -> (artifact id: '436039d8d5d23784b1dd7af46a8e1a1e') in 0.010375 seconds
  Import took 0.064614 seconds .

========================================================================
Received Import Request.
  Time since last request: 0.003604 seconds.
  path: Assets/FacebookSDK/Plugins/Canvas/Facebook.Unity.Canvas.dll
  artifactKey: Guid(c57105322a98c474faf1ce607f20c3f8) Importer(815301076,1909f56bfc062723c751e8b465ee728b)
Start importing Assets/FacebookSDK/Plugins/Canvas/Facebook.Unity.Canvas.dll using Guid(c57105322a98c474faf1ce607f20c3f8) Importer(815301076,1909f56bfc062723c751e8b465ee728b)  -> (artifact id: 'e4a852b7e6342111c320226b2159b314') in 0.059041 seconds
  Import took 0.065381 seconds .

========================================================================
Received Import Request.
  Time since last request: 0.003776 seconds.
  path: Assets/FacebookSDK/SDK/Editor/iOS/FBUnityUtility.mm
  artifactKey: Guid(5cafb2af7ca9641f58022a816236d1ad) Importer(815301076,1909f56bfc062723c751e8b465ee728b)
Start importing Assets/FacebookSDK/SDK/Editor/iOS/FBUnityUtility.mm using Guid(5cafb2af7ca9641f58022a816236d1ad) Importer(815301076,1909f56bfc062723c751e8b465ee728b)  -> (artifact id: '1e7f1da16c48bd5bb65807d24a0826c9') in 0.004019 seconds
  Import took 0.010939 seconds .

========================================================================
Received Import Request.
  Time since last request: 0.003648 seconds.
  path: Assets/FacebookSDK/SDK/Editor/iOS/FBUnityInterface.h
  artifactKey: Guid(511e95bcdad89425999ccbb3e315246a) Importer(815301076,1909f56bfc062723c751e8b465ee728b)
Start importing Assets/FacebookSDK/SDK/Editor/iOS/FBUnityInterface.h using Guid(511e95bcdad89425999ccbb3e315246a) Importer(815301076,1909f56bfc062723c751e8b465ee728b)  -> (artifact id: 'a3f2026358d4e718489efce0a078d03e') in 0.002911 seconds
  Import took 0.028072 seconds .

========================================================================
Received Import Request.
  Time since last request: 0.003725 seconds.
  path: Assets/FacebookSDK/Plugins/Facebook.Unity.dll
  artifactKey: Guid(08462833fafe743b8bd59914b9f52696) Importer(815301076,1909f56bfc062723c751e8b465ee728b)
Start importing Assets/FacebookSDK/Plugins/Facebook.Unity.dll using Guid(08462833fafe743b8bd59914b9f52696) Importer(815301076,1909f56bfc062723c751e8b465ee728b)  -> (artifact id: '4605fb3ff72c68fb3518f3844ea1146d') in 0.007640 seconds
  Import took 0.014000 seconds .

========================================================================
Received Import Request.
  Time since last request: 0.003593 seconds.
  path: Assets/FacebookSDK/SDK/Editor/iOS/FBUnitySDKDelegate.m
  artifactKey: Guid(fbc51482e3ca248329707d61959f9d9d) Importer(815301076,1909f56bfc062723c751e8b465ee728b)
Start importing Assets/FacebookSDK/SDK/Editor/iOS/FBUnitySDKDelegate.m using Guid(fbc51482e3ca248329707d61959f9d9d) Importer(815301076,1909f56bfc062723c751e8b465ee728b)  -> (artifact id: 'bd0362a4b2805ccae229880a0f5dd6f0') in 0.005091 seconds
  Import took 0.011274 seconds .

========================================================================
Received Import Request.
  Time since last request: 0.017543 seconds.
  path: Assets/FacebookSDK/Examples/Scripts/SubMenus/Pay.cs
  artifactKey: Guid(7f08c9721703046ec883e57562184726) Importer(815301076,1909f56bfc062723c751e8b465ee728b)
Start importing Assets/FacebookSDK/Examples/Scripts/SubMenus/Pay.cs using Guid(7f08c9721703046ec883e57562184726) Importer(815301076,1909f56bfc062723c751e8b465ee728b)  -> (artifact id: 'a1f3155572a485dbde75f5d833f3177a') in 0.007154 seconds
  Import took 0.013398 seconds .

========================================================================
Received Import Request.
  Time since last request: 0.003501 seconds.
  path: Assets/FacebookSDK/Examples/GraphRequest.unity
  artifactKey: Guid(444ae7ddf432b457a97bfe42021075e3) Importer(815301076,1909f56bfc062723c751e8b465ee728b)
Start importing Assets/FacebookSDK/Examples/GraphRequest.unity using Guid(444ae7ddf432b457a97bfe42021075e3) Importer(815301076,1909f56bfc062723c751e8b465ee728b)  -> (artifact id: '4815d80dd719fe36e479b21ca3eb9433') in 0.008100 seconds
  Import took 0.014623 seconds .

========================================================================
Received Import Request.
  Time since last request: 0.003790 seconds.
  path: Assets/FacebookSDK/Examples/Scripts/SubMenus/MainMenu.cs
  artifactKey: Guid(922e3ad8d88a146b3b392cd8c84edd6a) Importer(815301076,1909f56bfc062723c751e8b465ee728b)
Start importing Assets/FacebookSDK/Examples/Scripts/SubMenus/MainMenu.cs using Guid(922e3ad8d88a146b3b392cd8c84edd6a) Importer(815301076,1909f56bfc062723c751e8b465ee728b)  -> (artifact id: 'bf329cd04380f479f4a3417892fbed71') in 0.007213 seconds
  Import took 0.025126 seconds .

========================================================================
Received Import Request.
  Time since last request: 0.003658 seconds.
  path: Assets/FacebookSDK/Plugins/Editor/Dependencies.xml
  artifactKey: Guid(1543e5f9bab73423c96b42cab90363ab) Importer(815301076,1909f56bfc062723c751e8b465ee728b)
Start importing Assets/FacebookSDK/Plugins/Editor/Dependencies.xml using Guid(1543e5f9bab73423c96b42cab90363ab) Importer(815301076,1909f56bfc062723c751e8b465ee728b)  -> (artifact id: '228376ab3680237a89822e5f567b8884') in 0.007886 seconds
  Import took 0.024672 seconds .

========================================================================
Received Import Request.
  Time since last request: 0.004444 seconds.
  path: Assets/FacebookSDK/Plugins/Gameroom/FacebookNamedPipeClient.dll
  artifactKey: Guid(cfd587f32401443d0b223aa6246fe5bc) Importer(815301076,1909f56bfc062723c751e8b465ee728b)
Start importing Assets/FacebookSDK/Plugins/Gameroom/FacebookNamedPipeClient.dll using Guid(cfd587f32401443d0b223aa6246fe5bc) Importer(815301076,1909f56bfc062723c751e8b465ee728b)  -> (artifact id: 'e41aebe3e86a195428af19a88b28f314') in 0.008080 seconds
  Import took 0.039270 seconds .

========================================================================
Received Prepare
Shader 'Universal Render Pipeline/Particles/Lit': fallback shader 'Universal Render Pipeline/Particles/SimpleLit' not found
Refreshing native plugins compatible for Editor in 47.13 ms, found 2 plugins.
Preloading 0 native plugins for Editor in 0.00 ms.
Unloading 122 Unused Serialized files (Serialized files now loaded: 0)
System memory in use before: 77.2 MB.
System memory in use after: 77.5 MB.

Unloading 122 unused Assets to reduce memory usage. Loaded Objects now: 3706.
Total: 5.596800 ms (FindLiveObjects: 0.452600 ms CreateObjectMapping: 0.276500 ms MarkObjects: 4.799800 ms  DeleteObjects: 0.065400 ms)

========================================================================
Received Import Request.
  Time since last request: 1154.881059 seconds.
  path: Assets/PlayServicesResolver
  artifactKey: Guid(dccd7c9e8c5f3ab45bddfff33529322b) Importer(815301076,1909f56bfc062723c751e8b465ee728b)
Start importing Assets/PlayServicesResolver using Guid(dccd7c9e8c5f3ab45bddfff33529322b) Importer(815301076,1909f56bfc062723c751e8b465ee728b)  -> (artifact id: '94799df136894090eb4f749c714c2b6a') in 0.015611 seconds
  Import took 0.049580 seconds .

========================================================================
Received Prepare
Registering precompiled user dll's ...
Registered in 0.354617 seconds.
Begin MonoManager ReloadAssembly
Native extension for WindowsStandalone target not found
Native extension for WebGL target not found
Refreshing native plugins compatible for Editor in 2.26 ms, found 2 plugins.
Preloading 0 native plugins for Editor in 0.00 ms.
GPGSUpgrader start
UnityEngine.StackTraceUtility:ExtractStackTrace ()
UnityEngine.DebugLogHandler:LogFormat (UnityEngine.LogType,UnityEngine.Object,string,object[])
UnityEngine.Logger:Log (UnityEngine.LogType,object)
UnityEngine.Debug:Log (object)
GooglePlayGames.Editor.GPGSUpgrader:.cctor () (at Assets/GooglePlayGames/Editor/GPGSUpgrader.cs:38)
System.Runtime.CompilerServices.RuntimeHelpers:RunClassConstructor (System.RuntimeTypeHandle)
UnityEditor.EditorAssemblies:ProcessInitializeOnLoadAttributes (System.Type[])

(Filename: Assets/GooglePlayGames/Editor/GPGSUpgrader.cs Line: 38)

GPGSUpgrader done
UnityEngine.StackTraceUtility:ExtractStackTrace ()
UnityEngine.DebugLogHandler:LogFormat (UnityEngine.LogType,UnityEngine.Object,string,object[])
UnityEngine.Logger:Log (UnityEngine.LogType,object)
UnityEngine.Debug:Log (object)
GooglePlayGames.Editor.GPGSUpgrader:.cctor () (at Assets/GooglePlayGames/Editor/GPGSUpgrader.cs:105)
System.Runtime.CompilerServices.RuntimeHelpers:RunClassConstructor (System.RuntimeTypeHandle)
UnityEditor.EditorAssemblies:ProcessInitializeOnLoadAttributes (System.Type[])

(Filename: Assets/GooglePlayGames/Editor/GPGSUpgrader.cs Line: 105)

Mono: successfully reloaded assembly
- Completed reload, in  2.021 seconds
Platform modules already initialized, skipping
Switching build target platform(19) subTarget(0) extendedPlatform(0) -> platform(13) subTarget(537395200) extendedPlatform(0)
Shader 'Universal Render Pipeline/Particles/Lit': fallback shader 'Universal Render Pipeline/Particles/SimpleLit' not found
Refreshing native plugins compatible for Editor in 2.02 ms, found 2 plugins.
Preloading 0 native plugins for Editor in 0.00 ms.
Unloading 3266 Unused Serialized files (Serialized files now loaded: 0)
System memory in use before: 137.6 MB.
System memory in use after: 137.8 MB.

Unloading 153 unused Assets to reduce memory usage. Loaded Objects now: 3715.
Total: 3.868500 ms (FindLiveObjects: 0.359300 ms CreateObjectMapping: 0.213900 ms MarkObjects: 3.232400 ms  DeleteObjects: 0.061700 ms)

AssetImportParameters requested are different than current active one (requested -> active):
  custom:graphics/normal-map-encoding: 01000000000000000000000000000000 -> 02000000000000000000000000000000
========================================================================
Received Prepare
Shader 'Universal Render Pipeline/Particles/Lit': fallback shader 'Universal Render Pipeline/Particles/SimpleLit' not found
Refreshing native plugins compatible for Editor in 217.24 ms, found 2 plugins.
Preloading 0 native plugins for Editor in 0.00 ms.
Unloading 151 Unused Serialized files (Serialized files now loaded: 0)
System memory in use before: 78.5 MB.
System memory in use after: 78.7 MB.

Unloading 151 unused Assets to reduce memory usage. Loaded Objects now: 3715.
Total: 4.594300 ms (FindLiveObjects: 0.384800 ms CreateObjectMapping: 0.178800 ms MarkObjects: 3.842800 ms  DeleteObjects: 0.186600 ms)

========================================================================
Received Prepare
Registering precompiled user dll's ...
Registered in 0.047780 seconds.
Begin MonoManager ReloadAssembly
Native extension for WindowsStandalone target not found
Native extension for WebGL target not found
Refreshing native plugins compatible for Editor in 2.21 ms, found 2 plugins.
Preloading 0 native plugins for Editor in 0.00 ms.
GPGSUpgrader start
UnityEngine.StackTraceUtility:ExtractStackTrace ()
UnityEngine.DebugLogHandler:LogFormat (UnityEngine.LogType,UnityEngine.Object,string,object[])
UnityEngine.Logger:Log (UnityEngine.LogType,object)
UnityEngine.Debug:Log (object)
GooglePlayGames.Editor.GPGSUpgrader:.cctor () (at Assets/GooglePlayGames/Editor/GPGSUpgrader.cs:38)
System.Runtime.CompilerServices.RuntimeHelpers:RunClassConstructor (System.RuntimeTypeHandle)
UnityEditor.EditorAssemblies:ProcessInitializeOnLoadAttributes (System.Type[])

(Filename: Assets/GooglePlayGames/Editor/GPGSUpgrader.cs Line: 38)

GPGSUpgrader done
UnityEngine.StackTraceUtility:ExtractStackTrace ()
UnityEngine.DebugLogHandler:LogFormat (UnityEngine.LogType,UnityEngine.Object,string,object[])
UnityEngine.Logger:Log (UnityEngine.LogType,object)
UnityEngine.Debug:Log (object)
GooglePlayGames.Editor.GPGSUpgrader:.cctor () (at Assets/GooglePlayGames/Editor/GPGSUpgrader.cs:105)
System.Runtime.CompilerServices.RuntimeHelpers:RunClassConstructor (System.RuntimeTypeHandle)
UnityEditor.EditorAssemblies:ProcessInitializeOnLoadAttributes (System.Type[])

(Filename: Assets/GooglePlayGames/Editor/GPGSUpgrader.cs Line: 105)

Mono: successfully reloaded assembly
- Completed reload, in  2.239 seconds
Platform modules already initialized, skipping
Switching build target platform(19) subTarget(0) extendedPlatform(0) -> platform(13) subTarget(537395200) extendedPlatform(0)
Shader 'Universal Render Pipeline/Particles/Lit': fallback shader 'Universal Render Pipeline/Particles/SimpleLit' not found
Refreshing native plugins compatible for Editor in 2.04 ms, found 2 plugins.
Preloading 0 native plugins for Editor in 0.00 ms.
Unloading 3262 Unused Serialized files (Serialized files now loaded: 0)
System memory in use before: 137.6 MB.
System memory in use after: 137.8 MB.

Unloading 149 unused Assets to reduce memory usage. Loaded Objects now: 3718.
Total: 3.706700 ms (FindLiveObjects: 0.401800 ms CreateObjectMapping: 0.240100 ms MarkObjects: 2.994600 ms  DeleteObjects: 0.068800 ms)

AssetImportParameters requested are different than current active one (requested -> active):
  custom:graphics/normal-map-encoding: 01000000000000000000000000000000 -> 02000000000000000000000000000000
========================================================================
Received Import Request.
  Time since last request: 1421.888641 seconds.
  path: Assets/Play
  artifactKey: Guid(62fc86cd682af6f47a9fb80e7b40f01d) Importer(815301076,1909f56bfc062723c751e8b465ee728b)
Start importing Assets/Play using Guid(62fc86cd682af6f47a9fb80e7b40f01d) Importer(815301076,1909f56bfc062723c751e8b465ee728b)  -> (artifact id: '1ae4ad592880a11612f30d3c95d73a03') in 0.015631 seconds
  Import took 0.151287 seconds .

========================================================================
Received Import Request.
  Time since last request: 1.769408 seconds.
  path: Assets/Materials
  artifactKey: Guid(a9cfda6c707d99f458838f2199a723a5) Importer(815301076,1909f56bfc062723c751e8b465ee728b)
Start importing Assets/Materials using Guid(a9cfda6c707d99f458838f2199a723a5) Importer(815301076,1909f56bfc062723c751e8b465ee728b)  -> (artifact id: '2cd29b3e5098ebe6ba03a1171a47e48d') in 0.008518 seconds
  Import took 0.038046 seconds .

========================================================================
Received Import Request.
  Time since last request: 53.147525 seconds.
  path: Assets/FacebookSDK
  artifactKey: Guid(4052e5a6efa074b3cba2adc3568ce4ce) Importer(815301076,1909f56bfc062723c751e8b465ee728b)
Start importing Assets/FacebookSDK using Guid(4052e5a6efa074b3cba2adc3568ce4ce) Importer(815301076,1909f56bfc062723c751e8b465ee728b)  -> (artifact id: '3b1f644d5b54a7b9b900f3b95c66f709') in 0.012350 seconds
  Import took 0.056481 seconds .

AssetImportWorkerClient::OnTransportError - code=2 error=End of file
